This is pdfTeX, Version 3.14159265-2.6-1.40.17 (TeX Live 2016) (preloaded format=pdflatex 2016.9.22)  22 SEP 2016 08:32
entering extended mode
 restricted \write18 enabled.
 file:line:error style messages enabled.
 %&-line parsing enabled.
**INSsubmission.tex
(./INSsubmission.tex
LaTeX2e <2016/03/31>
Babel <3.9r> and hyphenation patterns for 83 language(s) loaded.
(./elsarticle.cls
Document Class: elsarticle 2009/09/17, 1.20b: Elsevier Ltd
\@bls=\dimen102
(/usr/local/texlive/2016/texmf-dist/tex/latex/base/article.cls
Document Class: article 2014/09/29 v1.4h Standard LaTeX document class
(/usr/local/texlive/2016/texmf-dist/tex/latex/base/size12.clo
File: size12.clo 2014/09/29 v1.4h Standard LaTeX file (size option)
)
\c@part=\count79
\c@section=\count80
\c@subsection=\count81
\c@subsubsection=\count82
\c@paragraph=\count83
\c@subparagraph=\count84
\c@figure=\count85
\c@table=\count86
\abovecaptionskip=\skip41
\belowcaptionskip=\skip42
\bibindent=\dimen103
)
(/usr/local/texlive/2016/texmf-dist/tex/latex/graphics/graphicx.sty
Package: graphicx 2014/10/28 v1.0g Enhanced LaTeX Graphics (DPC,SPQR)

(/usr/local/texlive/2016/texmf-dist/tex/latex/graphics/keyval.sty
Package: keyval 2014/10/28 v1.15 key=value parser (DPC)
\KV@toks@=\toks14
)
(/usr/local/texlive/2016/texmf-dist/tex/latex/graphics/graphics.sty
Package: graphics 2016/05/09 v1.0r Standard LaTeX Graphics (DPC,SPQR)

(/usr/local/texlive/2016/texmf-dist/tex/latex/graphics/trig.sty
Package: trig 2016/01/03 v1.10 sin cos tan (DPC)
)
(/usr/local/texlive/2016/texmf-dist/tex/latex/graphics-cfg/graphics.cfg
File: graphics.cfg 2016/01/02 v1.10 sample graphics configuration
)
Package graphics Info: Driver file: pdftex.def on input line 96.

(/usr/local/texlive/2016/texmf-dist/tex/latex/pdftex-def/pdftex.def
File: pdftex.def 2011/05/27 v0.06d Graphics/color for pdfTeX

(/usr/local/texlive/2016/texmf-dist/tex/generic/oberdiek/infwarerr.sty
Package: infwarerr 2016/05/16 v1.4 Providing info/warning/error messages (HO)
)
(/usr/local/texlive/2016/texmf-dist/tex/generic/oberdiek/ltxcmds.sty
Package: ltxcmds 2016/05/16 v1.23 LaTeX kernel commands for general use (HO)
)
\Gread@gobject=\count87
))
\Gin@req@height=\dimen104
\Gin@req@width=\dimen105
)
(/usr/local/texlive/2016/texmf-dist/tex/latex/psnfss/pifont.sty
Package: pifont 2005/04/12 PSNFSS-v9.2a Pi font support (SPQR) 
LaTeX Font Info:    Try loading font information for U+pzd on input line 63.

(/usr/local/texlive/2016/texmf-dist/tex/latex/psnfss/upzd.fd
File: upzd.fd 2001/06/04 font definitions for U/pzd.
)
LaTeX Font Info:    Try loading font information for U+psy on input line 64.

(/usr/local/texlive/2016/texmf-dist/tex/latex/psnfss/upsy.fd
File: upsy.fd 2001/06/04 font definitions for U/psy.
))
\c@tnote=\count88
\c@fnote=\count89
\c@cnote=\count90
\c@ead=\count91
\c@author=\count92
\@eadauthor=\toks15
\c@affn=\count93
\absbox=\box26
\keybox=\box27
\Columnwidth=\dimen106
\space@left=\dimen107
\els@boxa=\box28
\els@boxb=\box29
\leftMargin=\dimen108
\@enLab=\toks16
\@sep=\skip43
\@@sep=\skip44

(./INSsubmission.spl)
(/usr/local/texlive/2016/texmf-dist/tex/latex/natbib/natbib.sty
Package: natbib 2010/09/13 8.31b (PWD, AO)
\bibhang=\skip45
\bibsep=\skip46
LaTeX Info: Redefining \cite on input line 694.
\c@NAT@ctr=\count94
)
\splwrite=\write3
\openout3 = `INSsubmission.spl'.

\appnamewidth=\dimen109
)
(/usr/local/texlive/2016/texmf-dist/tex/latex/algorithm2e/algorithm2e.sty
Package: algorithm2e 2013/01/06 v5.00 algorithms environments
\c@AlgoLine=\count95

(/usr/local/texlive/2016/texmf-dist/tex/latex/base/ifthen.sty
Package: ifthen 2014/09/29 v1.1c Standard LaTeX ifthen package (DPC)
)
\algocf@hangindent=\skip47

(/usr/local/texlive/2016/texmf-dist/tex/latex/tools/xspace.sty
Package: xspace 2014/10/28 v1.13 Space after command names (DPC,MH)
)
(/usr/local/texlive/2016/texmf-dist/tex/latex/relsize/relsize.sty
Package: relsize 2013/03/29 ver 4.1
)
********************************************************
Package `algorithm2e' Release 5.1 -- october 19 2015 --
- algorithm2e-announce@lirmm.fr mailing list for announcement about releases
- algorithm2e-discussion@lirmm.fr mailing list for discussion about package
subscribe by emailing sympa@lirmm.fr with 'subscribe <list> <firstname name>'
- Author: Christophe Fiorio (christophe.fiorio@umontpellier.fr)
********************************************************
\skiptotal=\skip48
\skiplinenumber=\skip49
\skiprule=\skip50
\skiphlne=\skip51
\skiptext=\skip52
\skiplength=\skip53
\algomargin=\skip54
\skipalgocfslide=\skip55
\algowidth=\dimen110
\inoutsize=\dimen111
\inoutindent=\dimen112
\interspacetitleruled=\dimen113
\interspacealgoruled=\dimen114
\interspacetitleboxruled=\dimen115
\algocf@ruledwidth=\skip56
\algocf@inoutbox=\box30
\algocf@inputbox=\box31
\AlCapSkip=\skip57
\AlCapHSkip=\skip58
\algoskipindent=\skip59
\algocf@nlbox=\box32
\algocf@hangingbox=\box33
\algocf@untilbox=\box34
\algocf@skipuntil=\skip60
\algocf@capbox=\box35
\algoheightruledefault=\skip61
\algoheightrule=\skip62
\algotitleheightruledefault=\skip63
\algotitleheightrule=\skip64
\c@algocfline=\count96
\c@algocfproc=\count97
\c@algocf=\count98
\algocf@algoframe=\box36
\algocf@algobox=\box37
) (/usr/local/texlive/2016/texmf-dist/tex/latex/amsfonts/amssymb.sty
Package: amssymb 2013/01/14 v3.01 AMS font symbols

(/usr/local/texlive/2016/texmf-dist/tex/latex/amsfonts/amsfonts.sty
Package: amsfonts 2013/01/14 v3.01 Basic AMSFonts support
\@emptytoks=\toks17
\symAMSa=\mathgroup4
\symAMSb=\mathgroup5
LaTeX Font Info:    Overwriting math alphabet `\mathfrak' in version `bold'
(Font)                  U/euf/m/n --> U/euf/b/n on input line 106.
))
(/usr/local/texlive/2016/texmf-dist/tex/latex/amsmath/amsmath.sty
Package: amsmath 2016/03/10 v2.15b AMS math features
\@mathmargin=\skip65

For additional information on amsmath, use the `?' option.
(/usr/local/texlive/2016/texmf-dist/tex/latex/amsmath/amstext.sty
Package: amstext 2000/06/29 v2.01 AMS text

(/usr/local/texlive/2016/texmf-dist/tex/latex/amsmath/amsgen.sty
File: amsgen.sty 1999/11/30 v2.0 generic functions
\@emptytoks=\toks18
\ex@=\dimen116
))
(/usr/local/texlive/2016/texmf-dist/tex/latex/amsmath/amsbsy.sty
Package: amsbsy 1999/11/29 v1.2d Bold Symbols
\pmbraise@=\dimen117
)
(/usr/local/texlive/2016/texmf-dist/tex/latex/amsmath/amsopn.sty
Package: amsopn 2016/03/08 v2.02 operator names
)
\inf@bad=\count99
LaTeX Info: Redefining \frac on input line 199.
\uproot@=\count100
\leftroot@=\count101
LaTeX Info: Redefining \overline on input line 297.
\classnum@=\count102
\DOTSCASE@=\count103
LaTeX Info: Redefining \ldots on input line 394.
LaTeX Info: Redefining \dots on input line 397.
LaTeX Info: Redefining \cdots on input line 518.
\Mathstrutbox@=\box38
\strutbox@=\box39
\big@size=\dimen118
LaTeX Font Info:    Redeclaring font encoding OML on input line 634.
LaTeX Font Info:    Redeclaring font encoding OMS on input line 635.
\macc@depth=\count104
\c@MaxMatrixCols=\count105
\dotsspace@=\muskip10
\c@parentequation=\count106
\dspbrk@lvl=\count107
\tag@help=\toks19
\row@=\count108
\column@=\count109
\maxfields@=\count110
\andhelp@=\toks20
\eqnshift@=\dimen119
\alignsep@=\dimen120
\tagshift@=\dimen121
\tagwidth@=\dimen122
\totwidth@=\dimen123
\lineht@=\dimen124
\@envbody=\toks21
\multlinegap=\skip66
\multlinetaggap=\skip67
\mathdisplay@stack=\toks22
LaTeX Info: Redefining \[ on input line 2739.
LaTeX Info: Redefining \] on input line 2740.
)
(/usr/local/texlive/2016/texmf-dist/tex/latex/graphics/epsfig.sty
Package: epsfig 1999/02/16 v1.7a (e)psfig emulation (SPQR)
\epsfxsize=\dimen125
\epsfysize=\dimen126
)
(/usr/local/texlive/2016/texmf-dist/tex/latex/subfigure/subfigure.sty
Package: subfigure 2002/03/15 v2.1.5 subfigure package
\subfigtopskip=\skip68
\subfigcapskip=\skip69
\subfigcaptopadj=\dimen127
\subfigbottomskip=\skip70
\subfigcapmargin=\dimen128
\subfiglabelskip=\skip71
\c@subfigure=\count111
\c@lofdepth=\count112
\c@subtable=\count113
\c@lotdepth=\count114

****************************************
* Local config file subfigure.cfg used *
****************************************
(/usr/local/texlive/2016/texmf-dist/tex/latex/subfigure/subfigure.cfg)
\subfig@top=\skip72
\subfig@bottom=\skip73
)
(/usr/local/texlive/2016/texmf-dist/tex/latex/psnfss/times.sty
Package: times 2005/04/12 PSNFSS-v9.2a (SPQR) 
)
(/usr/local/texlive/2016/texmf-dist/tex/latex/psnfss/helvet.sty
Package: helvet 2005/04/12 PSNFSS-v9.2a (WaS) 
)
(/usr/local/texlive/2016/texmf-dist/tex/latex/psnfss/courier.sty
Package: courier 2005/04/12 PSNFSS-v9.2a (WaS) 
)
(/usr/local/texlive/2016/texmf-dist/tex/latex/graphics/color.sty
Package: color 2016/05/09 v1.1c Standard LaTeX Color (DPC)

(/usr/local/texlive/2016/texmf-dist/tex/latex/graphics-cfg/color.cfg
File: color.cfg 2016/01/02 v1.6 sample color configuration
)
Package color Info: Driver file: pdftex.def on input line 144.
)
(/usr/local/texlive/2016/texmf-dist/tex/latex/multirow/multirow.sty
\bigstrutjot=\dimen129
)
(./INSsubmission.aux)
\openout1 = `INSsubmission.aux'.

LaTeX Font Info:    Checking defaults for OML/cmm/m/it on input line 24.
LaTeX Font Info:    ... okay on input line 24.
LaTeX Font Info:    Checking defaults for T1/cmr/m/n on input line 24.
LaTeX Font Info:    ... okay on input line 24.
LaTeX Font Info:    Checking defaults for OT1/cmr/m/n on input line 24.
LaTeX Font Info:    ... okay on input line 24.
LaTeX Font Info:    Checking defaults for OMS/cmsy/m/n on input line 24.
LaTeX Font Info:    ... okay on input line 24.
LaTeX Font Info:    Checking defaults for OMX/cmex/m/n on input line 24.
LaTeX Font Info:    ... okay on input line 24.
LaTeX Font Info:    Checking defaults for U/cmr/m/n on input line 24.
LaTeX Font Info:    ... okay on input line 24.
LaTeX Font Info:    Try loading font information for OT1+ptm on input line 24.

(/usr/local/texlive/2016/texmf-dist/tex/latex/psnfss/ot1ptm.fd
File: ot1ptm.fd 2001/06/04 font definitions for OT1/ptm.
)
(/usr/local/texlive/2016/texmf-dist/tex/context/base/mkii/supp-pdf.mkii
[Loading MPS to PDF converter (version 2006.09.02).]
\scratchcounter=\count115
\scratchdimen=\dimen130
\scratchbox=\box40
\nofMPsegments=\count116
\nofMParguments=\count117
\everyMPshowfont=\toks23
\MPscratchCnt=\count118
\MPscratchDim=\dimen131
\MPnumerator=\count119
\makeMPintoPDFobject=\count120
\everyMPtoPDFconversion=\toks24
) (/usr/local/texlive/2016/texmf-dist/tex/generic/oberdiek/pdftexcmds.sty
Package: pdftexcmds 2016/05/10 v0.21 Utility functions of pdfTeX for LuaTeX (HO
)

(/usr/local/texlive/2016/texmf-dist/tex/generic/oberdiek/ifluatex.sty
Package: ifluatex 2016/05/16 v1.4 Provides the ifluatex switch (HO)
Package ifluatex Info: LuaTeX not detected.
)
(/usr/local/texlive/2016/texmf-dist/tex/generic/oberdiek/ifpdf.sty
Package: ifpdf 2016/05/14 v3.1 Provides the ifpdf switch
)
Package pdftexcmds Info: LuaTeX not detected.
Package pdftexcmds Info: \pdf@primitive is available.
Package pdftexcmds Info: \pdf@ifprimitive is available.
Package pdftexcmds Info: \pdfdraftmode found.
)
(/usr/local/texlive/2016/texmf-dist/tex/latex/oberdiek/epstopdf-base.sty
Package: epstopdf-base 2016/05/15 v2.6 Base part for package epstopdf

(/usr/local/texlive/2016/texmf-dist/tex/latex/oberdiek/grfext.sty
Package: grfext 2016/05/16 v1.2 Manage graphics extensions (HO)

(/usr/local/texlive/2016/texmf-dist/tex/generic/oberdiek/kvdefinekeys.sty
Package: kvdefinekeys 2016/05/16 v1.4 Define keys (HO)
))
(/usr/local/texlive/2016/texmf-dist/tex/latex/oberdiek/kvoptions.sty
Package: kvoptions 2016/05/16 v3.12 Key value format for package options (HO)

(/usr/local/texlive/2016/texmf-dist/tex/generic/oberdiek/kvsetkeys.sty
Package: kvsetkeys 2016/05/16 v1.17 Key value parser (HO)

(/usr/local/texlive/2016/texmf-dist/tex/generic/oberdiek/etexcmds.sty
Package: etexcmds 2016/05/16 v1.6 Avoid name clashes with e-TeX commands (HO)
Package etexcmds Info: Could not find \expanded.
(etexcmds)             That can mean that you are not using pdfTeX 1.50 or
(etexcmds)             that some package has redefined \expanded.
(etexcmds)             In the latter case, load this package earlier.
)))
Package grfext Info: Graphics extension search list:
(grfext)             [.png,.pdf,.jpg,.mps,.jpeg,.jbig2,.jb2,.PNG,.PDF,.JPG,.JPE
G,.JBIG2,.JB2,.eps]
(grfext)             \AppendGraphicsExtensions on input line 456.

(/usr/local/texlive/2016/texmf-dist/tex/latex/latexconfig/epstopdf-sys.cfg
File: epstopdf-sys.cfg 2010/07/13 v1.3 Configuration of (r)epstopdf for TeX Liv
e
))
LaTeX Font Info:    Try loading font information for U+msa on input line 39.

(/usr/local/texlive/2016/texmf-dist/tex/latex/amsfonts/umsa.fd
File: umsa.fd 2013/01/14 v3.01 AMS symbols A
)
LaTeX Font Info:    Try loading font information for U+msb on input line 39.

(/usr/local/texlive/2016/texmf-dist/tex/latex/amsfonts/umsb.fd
File: umsb.fd 2013/01/14 v3.01 AMS symbols B
)
LaTeX Font Info:    Try loading font information for OT1+pcr on input line 39.

(/usr/local/texlive/2016/texmf-dist/tex/latex/psnfss/ot1pcr.fd
File: ot1pcr.fd 2001/06/04 font definitions for OT1/pcr.
)
LaTeX Font Info:    Font shape `OT1/ptm/bx/n' in size <12> not available
(Font)              Font shape `OT1/ptm/b/n' tried instead on input line 40.

Overfull \hbox (8.37283pt too wide) in paragraph at lines 40--42
\OT1/ptm/m/n/12 In this pa-per we study the prob-lem of \OT1/ptm/b/n/12 r\OT1/p
tm/m/n/12 eview \OT1/ptm/b/n/12 g\OT1/ptm/m/n/12 uided \OT1/ptm/b/n/12 c\OT1/pt
m/m/n/12 ontext \OT1/ptm/b/n/12 a\OT1/ptm/m/n/12 ware \OT1/ptm/b/n/12 r\OT1/ptm
/m/n/12 ecommendation
 []

[1


{/usr/local/texlive/2016/texmf-var/fonts/map/pdftex/updmap/pdftex.map}]
[2

]

LaTeX Warning: Reference `fig:example' on page 3 undefined on input line 54.


LaTeX Warning: Reference `fig:example' on page 3 undefined on input line 54.

Package epstopdf Info: Source file: <example.eps>
(epstopdf)                    date: 2016-09-15 11:04:26
(epstopdf)                    size: 4163283 bytes
(epstopdf)             Output file: <example-eps-converted-to.pdf>
(epstopdf)             Command: <repstopdf --outfile=example-eps-converted-to.p
df example.eps>
(epstopdf)             \includegraphics on input line 61.
runsystem(repstopdf --outfile=example-eps-converted-to.pdf example.eps)...execu
ted safely (allowed).

Package epstopdf Info: Result file: <example-eps-converted-to.pdf>
(epstopdf)                    date: 2016-09-22 08:32:48
(epstopdf)                    size: 44926 bytes.
<example-eps-converted-to.pdf, id=15, 345.29pt x 176.66pt>
File: example-eps-converted-to.pdf Graphic file (type pdf)

<use example-eps-converted-to.pdf>
Package pdftex.def Info: example-eps-converted-to.pdf used on input line 61.
(pdftex.def)             Requested size: 312.00119pt x 159.63138pt.


LaTeX Warning: Reference `fig:example' on page 3 undefined on input line 66.

[3]

LaTeX Warning: Reference `fig:example' on page 4 undefined on input line 71.


LaTeX Warning: Reference `fig:example' on page 4 undefined on input line 71.

[4 <./example-eps-converted-to.pdf>] [5]
Overfull \hbox (1.48071pt too wide) in paragraph at lines 99--100
[]\OT1/ptm/m/n/12 For RGCARS, most re-searches in lit-er-a-ture di-rectly uti-l
ize the ex-tracted conex-
 []

[6]
Overfull \hbox (13.72162pt too wide) in paragraph at lines 104--105
[]\OT1/ptm/m/n/12 We con-sider the most com-mon form of con-sumer re-views on p
op-u-lar e-commerce
 []

[7]
Underfull \hbox (badness 10000) in paragraph at lines 126--126
[]\OT1/ptm/m/n/12 Notation and
 []


Overfull \hbox (36.0pt too wide) in paragraph at lines 124--144
 [] 
 []


Overfull \hbox (48.8294pt too wide) in paragraph at lines 149--150
[]\OT1/ptm/m/n/12 Suppose the la-beled re-views can be grouped into $\OML/cmm/m
/it/12 K \OT1/cmr/m/n/12 + 1$ \OT1/ptm/m/n/12 cat-e-gories: $\OMS/cmsy/m/n/12 f
\OML/cmm/m/it/12 E[]; []  ; E[]; E[]\OMS/cmsy/m/n/12 g$\OT1/ptm/m/n/12 ,
 []

[8]
Overfull \hbox (54.64804pt too wide) in paragraph at lines 158--159
\OT1/ptm/m/n/12 ity has a con-text dis-tri-bu-tion $[] \OT1/cmr/m/n/12 = \OMS/c
msy/m/n/12 f[]g$
 []

[9] [10]
LaTeX Font Info:    Try loading font information for OMS+ptm on input line 209.

 (/usr/local/texlive/2016/texmf-dist/tex/latex/psnfss/omsptm.fd
File: omsptm.fd 
)
LaTeX Font Info:    Font shape `OMS/ptm/m/n' in size <12> not available
(Font)              Font shape `OMS/cmsy/m/n' tried instead on input line 209.

[11]
Overfull \hbox (19.51643pt too wide) detected at line 224
\OML/cmm/m/it/12 L\OT1/cmr/m/n/12 (\OML/cmm/m/it/12 U; V; a\OT1/cmr/m/n/12 ) = 
\OML/cmm/m/it/12 p\OT1/cmr/m/n/12 (\OML/cmm/m/it/12 U; V; a\OMS/cmsy/m/n/12 j\O
ML/cmm/m/it/12 X; O; C; ^^[[]; ^^[[]; ^^P[]; ^^P[]; ^^X\OT1/cmr/m/n/12 ) \OMS/c
msy/m/n/12 / \OML/cmm/m/it/12 p\OT1/cmr/m/n/12 (\OML/cmm/m/it/12 X; O; C; U; V;
 a\OMS/cmsy/m/n/12 j\OML/cmm/m/it/12 ^^[[]; ^^[[]; ^^P[]; ^^P[]; ^^X\OT1/cmr/m/
n/12 )
 []

Package epstopdf Info: Source file: <PGMbasic.eps>
(epstopdf)                    date: 2016-07-23 10:15:28
(epstopdf)                    size: 285487 bytes
(epstopdf)             Output file: <PGMbasic-eps-converted-to.pdf>
(epstopdf)             Command: <repstopdf --outfile=PGMbasic-eps-converted-to.
pdf PGMbasic.eps>
(epstopdf)             \includegraphics on input line 273.
runsystem(repstopdf --outfile=PGMbasic-eps-converted-to.pdf PGMbasic.eps)...exe
cuted safely (allowed).

Package epstopdf Info: Result file: <PGMbasic-eps-converted-to.pdf>
(epstopdf)                    date: 2016-09-22 08:32:49
(epstopdf)                    size: 17775 bytes.
<PGMbasic-eps-converted-to.pdf, id=70, 203.76125pt x 208.78pt>
File: PGMbasic-eps-converted-to.pdf Graphic file (type pdf)

<use PGMbasic-eps-converted-to.pdf>
Package pdftex.def Info: PGMbasic-eps-converted-to.pdf used on input line 273.
(pdftex.def)             Requested size: 117.00119pt x 119.8819pt.
Package epstopdf Info: Source file: <PGMMNAR.eps>
(epstopdf)                    date: 2016-07-24 02:59:16
(epstopdf)                    size: 289647 bytes
(epstopdf)             Output file: <PGMMNAR-eps-converted-to.pdf>
(epstopdf)             Command: <repstopdf --outfile=PGMMNAR-eps-converted-to.p
df PGMMNAR.eps>
(epstopdf)             \includegraphics on input line 273.
runsystem(repstopdf --outfile=PGMMNAR-eps-converted-to.pdf PGMMNAR.eps)...execu
ted safely (allowed).

Package epstopdf Info: Result file: <PGMMNAR-eps-converted-to.pdf>
(epstopdf)                    date: 2016-09-22 08:32:49
(epstopdf)                    size: 18354 bytes.

<PGMMNAR-eps-converted-to.pdf, id=71, 236.885pt x 208.78pt>
File: PGMMNAR-eps-converted-to.pdf Graphic file (type pdf)

<use PGMMNAR-eps-converted-to.pdf>
Package pdftex.def Info: PGMMNAR-eps-converted-to.pdf used on input line 273.
(pdftex.def)             Requested size: 117.00119pt x 103.11862pt.
Package epstopdf Info: Source file: <PGMpref.eps>
(epstopdf)                    date: 2016-08-22 16:09:16
(epstopdf)                    size: 290051 bytes
(epstopdf)             Output file: <PGMpref-eps-converted-to.pdf>
(epstopdf)             Command: <repstopdf --outfile=PGMpref-eps-converted-to.p
df PGMpref.eps>
(epstopdf)             \includegraphics on input line 277.
runsystem(repstopdf --outfile=PGMpref-eps-converted-to.pdf PGMpref.eps)...execu
ted safely (allowed).

Package epstopdf Info: Result file: <PGMpref-eps-converted-to.pdf>
(epstopdf)                    date: 2016-09-22 08:32:50
(epstopdf)                    size: 18755 bytes.

<PGMpref-eps-converted-to.pdf, id=72, 221.82875pt x 208.78pt>
File: PGMpref-eps-converted-to.pdf Graphic file (type pdf)

<use PGMpref-eps-converted-to.pdf>
Package pdftex.def Info: PGMpref-eps-converted-to.pdf used on input line 277.
(pdftex.def)             Requested size: 117.00119pt x 110.11765pt.
 [12] [13]
Overfull \hbox (58.59842pt too wide) in paragraph at lines 341--341
\OT1/cmr/m/n/12 ^^E[][][][][][][]$\OT1/ptm/m/n/12 ; 
 []

[14 <./PGMbasic-eps-converted-to.pdf> <./PGMMNAR-eps-converted-to.pdf> <./PGMpr
ef-eps-converted-to.pdf>] [15]
Overfull \hbox (16.0136pt too wide) in paragraph at lines 367--368
[]\OT1/ptm/m/n/12 Generate con-ven-tional po-lar-ity $\OML/cmm/m/it/12 y \OMS/c
msy/m/n/12 ^^X \OML/cmm/m/it/12 Bern\OT1/cmr/m/n/12 (\OML/cmm/m/it/12 y\OT1/cmr
/m/n/12 ; \OML/cmm/m/it/12 g\OT1/cmr/m/n/12 (\OML/cmm/m/it/12 UC[]\OT1/cmr/m/n/
12 (\OML/cmm/m/it/12 a; u; v\OT1/cmr/m/n/12 ) \OMS/cmsy/m/n/12 ^^@ \OML/cmm/m/i
t/12 UC\OT1/cmr/m/n/12 (\OML/cmm/m/it/12 u; v\OT1/cmr/m/n/12 )))$ 
 []

[16]
Overfull \hbox (85.57024pt too wide) in alignment at lines 379--384
 [][][] []
 []


Overfull \hbox (82.25557pt too wide) in paragraph at lines 423--423
[][]\OML/cmm/m/it/12 p\OT1/cmr/m/n/12 (\OML/cmm/m/it/12 r[]\OMS/cmsy/m/n/12 j\O
ML/cmm/m/it/12 x[]; y[]\OT1/cmr/m/n/12 )$\OT1/ptm/m/n/12 ; 
 []


LaTeX Warning: Float too large for page by 12.37506pt on input line 424.

Package epstopdf Info: Source file: <data.eps>
(epstopdf)                    date: 2014-09-15 09:12:26
(epstopdf)                    size: 31159 bytes
(epstopdf)             Output file: <data-eps-converted-to.pdf>
(epstopdf)             Command: <repstopdf --outfile=data-eps-converted-to.pdf 
data.eps>
(epstopdf)             \includegraphics on input line 434.
runsystem(repstopdf --outfile=data-eps-converted-to.pdf data.eps)...executed sa
fely (allowed).

Package epstopdf Info: Result file: <data-eps-converted-to.pdf>
(epstopdf)                    date: 2016-09-22 08:32:50
(epstopdf)                    size: 53067 bytes.
<data-eps-converted-to.pdf, id=151, 421.575pt x 317.185pt>
File: data-eps-converted-to.pdf Graphic file (type pdf)

<use data-eps-converted-to.pdf>
Package pdftex.def Info: data-eps-converted-to.pdf used on input line 434.
(pdftex.def)             Requested size: 195.0pt x 146.7151pt.
Package epstopdf Info: Source file: <feature.eps>
(epstopdf)                    date: 2014-09-15 07:55:32
(epstopdf)                    size: 10802 bytes
(epstopdf)             Output file: <feature-eps-converted-to.pdf>
(epstopdf)             Command: <repstopdf --outfile=feature-eps-converted-to.p
df feature.eps>
(epstopdf)             \includegraphics on input line 436.
runsystem(repstopdf --outfile=feature-eps-converted-to.pdf feature.eps)...execu
ted safely (allowed).

Package epstopdf Info: Result file: <feature-eps-converted-to.pdf>
(epstopdf)                    date: 2016-09-22 08:32:51
(epstopdf)                    size: 8469 bytes.

<feature-eps-converted-to.pdf, id=152, 421.575pt x 317.185pt>
File: feature-eps-converted-to.pdf Graphic file (type pdf)

<use feature-eps-converted-to.pdf>
Package pdftex.def Info: feature-eps-converted-to.pdf used on input line 436.
(pdftex.def)             Requested size: 195.0pt x 146.7151pt.

Overfull \hbox (8.28003pt too wide) in paragraph at lines 434--437
[][] [] 
 []

[17] [18] [19 <./data-eps-converted-to.pdf> <./feature-eps-converted-to.pdf>]
Package epstopdf Info: Source file: <classifier.eps>
(epstopdf)                    date: 2016-08-23 03:13:40
(epstopdf)                    size: 311579 bytes
(epstopdf)             Output file: <classifier-eps-converted-to.pdf>
(epstopdf)             Command: <repstopdf --outfile=classifier-eps-converted-t
o.pdf classifier.eps>
(epstopdf)             \includegraphics on input line 474.
runsystem(repstopdf --outfile=classifier-eps-converted-to.pdf classifier.eps)..
.executed safely (allowed).

Package epstopdf Info: Result file: <classifier-eps-converted-to.pdf>
(epstopdf)                    date: 2016-09-22 08:32:51
(epstopdf)                    size: 19901 bytes.

<classifier-eps-converted-to.pdf, id=177, 696.6025pt x 402.50375pt>
File: classifier-eps-converted-to.pdf Graphic file (type pdf)

<use classifier-eps-converted-to.pdf>
Package pdftex.def Info: classifier-eps-converted-to.pdf used on input line 474
.
(pdftex.def)             Requested size: 175.49881pt x 101.40569pt.
Package epstopdf Info: Source file: <KL.eps>
(epstopdf)                    date: 2014-09-15 13:28:16
(epstopdf)                    size: 9840 bytes
(epstopdf)             Output file: <KL-eps-converted-to.pdf>
(epstopdf)             Command: <repstopdf --outfile=KL-eps-converted-to.pdf KL
.eps>
(epstopdf)             \includegraphics on input line 476.
runsystem(repstopdf --outfile=KL-eps-converted-to.pdf KL.eps)...executed safely
 (allowed).

Package epstopdf Info: Result file: <KL-eps-converted-to.pdf>
(epstopdf)                    date: 2016-09-22 08:32:52
(epstopdf)                    size: 7747 bytes.

<KL-eps-converted-to.pdf, id=178, 1028.84375pt x 476.78125pt>
File: KL-eps-converted-to.pdf Graphic file (type pdf)

<use KL-eps-converted-to.pdf>
Package pdftex.def Info: KL-eps-converted-to.pdf used on input line 476.
(pdftex.def)             Requested size: 175.49881pt x 81.32819pt.
 [20]
Package epstopdf Info: Source file: <1.eps>
(epstopdf)                    date: 2014-09-14 21:18:18
(epstopdf)                    size: 3038331 bytes
(epstopdf)             Output file: <1-eps-converted-to.pdf>
(epstopdf)             Command: <repstopdf --outfile=1-eps-converted-to.pdf 1.e
ps>
(epstopdf)             \includegraphics on input line 506.
runsystem(repstopdf --outfile=1-eps-converted-to.pdf 1.eps)...executed safely (
allowed).

Package epstopdf Info: Result file: <1-eps-converted-to.pdf>
(epstopdf)                    date: 2016-09-22 08:32:52
(epstopdf)                    size: 405221 bytes.

<1-eps-converted-to.pdf, id=183, 695.59875pt x 475.7775pt>
File: 1-eps-converted-to.pdf Graphic file (type pdf)

<use 1-eps-converted-to.pdf>
Package pdftex.def Info: 1-eps-converted-to.pdf used on input line 506.
(pdftex.def)             Requested size: 175.49881pt x 120.03304pt.
Package epstopdf Info: Source file: <2.eps>
(epstopdf)                    date: 2014-09-14 21:18:28
(epstopdf)                    size: 3057043 bytes
(epstopdf)             Output file: <2-eps-converted-to.pdf>
(epstopdf)             Command: <repstopdf --outfile=2-eps-converted-to.pdf 2.e
ps>
(epstopdf)             \includegraphics on input line 509.
runsystem(repstopdf --outfile=2-eps-converted-to.pdf 2.eps)...executed safely (
allowed).

Package epstopdf Info: Result file: <2-eps-converted-to.pdf>
(epstopdf)                    date: 2016-09-22 08:32:52
(epstopdf)                    size: 409129 bytes.

<2-eps-converted-to.pdf, id=184, 701.62125pt x 474.77374pt>
File: 2-eps-converted-to.pdf Graphic file (type pdf)

<use 2-eps-converted-to.pdf>
Package pdftex.def Info: 2-eps-converted-to.pdf used on input line 509.
(pdftex.def)             Requested size: 175.49881pt x 118.75833pt.
Package epstopdf Info: Source file: <3.eps>
(epstopdf)                    date: 2014-09-14 21:18:40
(epstopdf)                    size: 3471323 bytes
(epstopdf)             Output file: <3-eps-converted-to.pdf>
(epstopdf)             Command: <repstopdf --outfile=3-eps-converted-to.pdf 3.e
ps>
(epstopdf)             \includegraphics on input line 512.
runsystem(repstopdf --outfile=3-eps-converted-to.pdf 3.eps)...executed safely (
allowed).

Package epstopdf Info: Result file: <3-eps-converted-to.pdf>
(epstopdf)                    date: 2016-09-22 08:32:53
(epstopdf)                    size: 459969 bytes.

<3-eps-converted-to.pdf, id=185, 815.045pt x 464.73625pt>
File: 3-eps-converted-to.pdf Graphic file (type pdf)

<use 3-eps-converted-to.pdf>
Package pdftex.def Info: 3-eps-converted-to.pdf used on input line 512.
(pdftex.def)             Requested size: 175.49881pt x 100.06526pt.
Package epstopdf Info: Source file: <4.eps>
(epstopdf)                    date: 2014-09-14 21:18:52
(epstopdf)                    size: 3003015 bytes
(epstopdf)             Output file: <4-eps-converted-to.pdf>
(epstopdf)             Command: <repstopdf --outfile=4-eps-converted-to.pdf 4.e
ps>
(epstopdf)             \includegraphics on input line 515.
runsystem(repstopdf --outfile=4-eps-converted-to.pdf 4.eps)...executed safely (
allowed).

Package epstopdf Info: Result file: <4-eps-converted-to.pdf>
(epstopdf)                    date: 2016-09-22 08:32:53
(epstopdf)                    size: 403727 bytes.

<4-eps-converted-to.pdf, id=186, 714.67pt x 456.70625pt>
File: 4-eps-converted-to.pdf Graphic file (type pdf)

<use 4-eps-converted-to.pdf>
Package pdftex.def Info: 4-eps-converted-to.pdf used on input line 515.
(pdftex.def)             Requested size: 175.49881pt x 112.14836pt.
Package epstopdf Info: Source file: <5.eps>
(epstopdf)                    date: 2014-09-14 21:19:00
(epstopdf)                    size: 2835133 bytes
(epstopdf)             Output file: <5-eps-converted-to.pdf>
(epstopdf)             Command: <repstopdf --outfile=5-eps-converted-to.pdf 5.e
ps>
(epstopdf)             \includegraphics on input line 518.
runsystem(repstopdf --outfile=5-eps-converted-to.pdf 5.eps)...executed safely (
allowed).

Package epstopdf Info: Result file: <5-eps-converted-to.pdf>
(epstopdf)                    date: 2016-09-22 08:32:54
(epstopdf)                    size: 377208 bytes.

<5-eps-converted-to.pdf, id=187, 660.4675pt x 464.73625pt>
File: 5-eps-converted-to.pdf Graphic file (type pdf)

<use 5-eps-converted-to.pdf>
Package pdftex.def Info: 5-eps-converted-to.pdf used on input line 518.
(pdftex.def)             Requested size: 175.49881pt x 123.48781pt.
 [21 <./classifier-eps-converted-to.pdf> <./KL-eps-converted-to.pdf>]
Package epstopdf Info: Source file: <rankingmrr.eps>
(epstopdf)                    date: 2016-08-23 05:47:35
(epstopdf)                    size: 319159 bytes
(epstopdf)             Output file: <rankingmrr-eps-converted-to.pdf>
(epstopdf)             Command: <repstopdf --outfile=rankingmrr-eps-converted-t
o.pdf rankingmrr.eps>
(epstopdf)             \includegraphics on input line 532.
runsystem(repstopdf --outfile=rankingmrr-eps-converted-to.pdf rankingmrr.eps)..
.executed safely (allowed).

Package epstopdf Info: Result file: <rankingmrr-eps-converted-to.pdf>
(epstopdf)                    date: 2016-09-22 08:32:54
(epstopdf)                    size: 21594 bytes.

<rankingmrr-eps-converted-to.pdf, id=207, 697.60625pt x 406.51875pt>
File: rankingmrr-eps-converted-to.pdf Graphic file (type pdf)

<use rankingmrr-eps-converted-to.pdf>
Package pdftex.def Info: rankingmrr-eps-converted-to.pdf used on input line 532
.
(pdftex.def)             Requested size: 175.49881pt x 102.26834pt.
Package epstopdf Info: Source file: <rankingndcg.eps>
(epstopdf)                    date: 2016-08-23 05:46:15
(epstopdf)                    size: 323545 bytes
(epstopdf)             Output file: <rankingndcg-eps-converted-to.pdf>
(epstopdf)             Command: <repstopdf --outfile=rankingndcg-eps-converted-
to.pdf rankingndcg.eps>
(epstopdf)             \includegraphics on input line 537.
runsystem(repstopdf --outfile=rankingndcg-eps-converted-to.pdf rankingndcg.eps)
...executed safely (allowed).

Package epstopdf Info: Result file: <rankingndcg-eps-converted-to.pdf>
(epstopdf)                    date: 2016-09-22 08:32:55
(epstopdf)                    size: 22841 bytes.

<rankingndcg-eps-converted-to.pdf, id=208, 696.6025pt x 407.5225pt>
File: rankingndcg-eps-converted-to.pdf Graphic file (type pdf)

<use rankingndcg-eps-converted-to.pdf>
Package pdftex.def Info: rankingndcg-eps-converted-to.pdf used on input line 53
7.
(pdftex.def)             Requested size: 175.49881pt x 102.67009pt.
 [22] [23 <./1-eps-converted-to.pdf> <./2-eps-converted-to.pdf> <./3-eps-conver
ted-to.pdf> <./4-eps-converted-to.pdf> <./5-eps-converted-to.pdf>]
Overfull \hbox (39.88597pt too wide) in paragraph at lines 549--550
\OT1/ptm/m/n/12 reau of Sci-ence,Technology, and In-for-ma-tion un-der Grand No
. JCYJ20120618155655087,
 []


Underfull \hbox (badness 1184) in paragraph at lines 554--559
\OT1/ptm/m/n/12 sys-tems us-ing a mul-ti-di-men-sional ap-proach.  \OT1/ptm/m/i
t/12 ACM Trans. Inf. Syst.\OT1/ptm/m/n/12 ,
 []

[24 <./rankingmrr-eps-converted-to.pdf> <./rankingndcg-eps-converted-to.pdf>]
Missing character: There is no ï in font ptmr7t!
Missing character: There is no ¿ in font ptmr7t!
Missing character: There is no ½ in font ptmr7t!
Missing character: There is no ï in font ptmr7t!
Missing character: There is no ¿ in font ptmr7t!
Missing character: There is no ½ in font ptmr7t!

[25] [26] [27]
Missing character: There is no ï in font ptmr7t!
Missing character: There is no ¿ in font ptmr7t!
Missing character: There is no ½ in font ptmr7t!
Missing character: There is no ï in font ptmr7t!
Missing character: There is no ¿ in font ptmr7t!
Missing character: There is no ½ in font ptmr7t!
Missing character: There is no ï in font ptmr7t!
Missing character: There is no ¿ in font ptmr7t!
Missing character: There is no ½ in font ptmr7t!
 [28] (./INSsubmission.aux)

LaTeX Warning: There were undefined references.


LaTeX Warning: Label(s) may have changed. Rerun to get cross-references right.

 )
(\end occurred inside a group at level 1)

### simple group (level 1) entered at line 1061 ({)
### bottom level 
Here is how much of TeX's memory you used:
 4557 strings out of 493014
 64711 string characters out of 6133351
 143518 words of memory out of 5000000
 7971 multiletter control sequences out of 15000+600000
 26470 words of font info for 67 fonts, out of 8000000 for 9000
 1141 hyphenation exceptions out of 8191
 38i,20n,30p,1420b,3136s stack positions out of 5000i,500n,10000p,200000b,80000s
{/usr/local/texlive/2016/texmf-dist/fonts/enc/dvips/base/8r.enc
}</usr/local/texlive/2016/texmf-dist/fonts/type1/public/amsfonts/cm/cmbx12.pfb>
</usr/local/texlive/2016/texmf-dist/fonts/type1/public/amsfonts/cm/cmbx6.pfb></
usr/local/texlive/2016/texmf-dist/fonts/type1/public/amsfonts/cm/cmbx8.pfb></us
r/local/texlive/2016/texmf-dist/fonts/type1/public/amsfonts/cm/cmex10.pfb></usr
/local/texlive/2016/texmf-dist/fonts/type1/public/amsfonts/cm/cmmi10.pfb></usr/
local/texlive/2016/texmf-dist/fonts/type1/public/amsfonts/cm/cmmi12.pfb></usr/l
ocal/texlive/2016/texmf-dist/fonts/type1/public/amsfonts/cm/cmmi6.pfb></usr/loc
al/texlive/2016/texmf-dist/fonts/type1/public/amsfonts/cm/cmmi7.pfb></usr/local
/texlive/2016/texmf-dist/fonts/type1/public/amsfonts/cm/cmmi8.pfb></usr/local/t
exlive/2016/texmf-dist/fonts/type1/public/amsfonts/cm/cmr10.pfb></usr/local/tex
live/2016/texmf-dist/fonts/type1/public/amsfonts/cm/cmr12.pfb></usr/local/texli
ve/2016/texmf-dist/fonts/type1/public/amsfonts/cm/cmr6.pfb></usr/local/texlive/
2016/texmf-dist/fonts/type1/public/amsfonts/cm/cmr8.pfb></usr/local/texlive/201
6/texmf-dist/fonts/type1/public/amsfonts/cm/cmsy10.pfb></usr/local/texlive/2016
/texmf-dist/fonts/type1/public/amsfonts/cm/cmsy6.pfb></usr/local/texlive/2016/t
exmf-dist/fonts/type1/public/amsfonts/cm/cmsy7.pfb></usr/local/texlive/2016/tex
mf-dist/fonts/type1/public/amsfonts/cm/cmsy8.pfb></usr/local/texlive/2016/texmf
-dist/fonts/type1/urw/courier/ucrr8a.pfb></usr/local/texlive/2016/texmf-dist/fo
nts/type1/urw/times/utmb8a.pfb></usr/local/texlive/2016/texmf-dist/fonts/type1/
urw/times/utmr8a.pfb></usr/local/texlive/2016/texmf-dist/fonts/type1/urw/times/
utmri8a.pfb>
Output written on INSsubmission.pdf (28 pages, 2535248 bytes).
PDF statistics:
 351 PDF objects out of 1000 (max. 8388607)
 222 compressed objects within 3 object streams
 0 named destinations out of 1000 (max. 500000)
 76 words of extra memory for PDF output out of 10000 (max. 10000000)

